<?xml version="1.0" encoding="UTF-8"?>
<!-- Generated by org.testng.reporters.JUnitReportReporter -->
<testsuite hostname="LTIN230999" failures="0" tests="1" name="testCases.TC_001" time="0.110" errors="0" timestamp="2024-02-02T09:27:11 IST" skipped="0">
  <testcase classname="testCases.TC_001" name="test_practohomepage" time="0.110"/>
</testsuite> <!-- testCases.TC_001 -->
