<?xml version="1.0" encoding="UTF-8"?>
<!-- Generated by org.testng.reporters.JUnitReportReporter -->
<testsuite hostname="LTIN230999" failures="0" tests="9" name="testCases.TC_003_healthandwellness" time="269.320" errors="0" timestamp="2024-02-19T12:58:14 IST" skipped="0">
  <testcase classname="testCases.TC_003_healthandwellness" name="test_practohomepage" time="60.519"/>
  <testcase classname="testCases.TC_003_healthandwellness" name="test_doctorspage" time="113.023"/>
  <testcase classname="testCases.TC_003_healthandwellness" name="test_surgeriespage" time="3.131"/>
  <testcase classname="testCases.TC_003_healthandwellness" name="test_popsurgeries" time="4.607"/>
  <testcase classname="testCases.TC_003_healthandwellness" name="test_getsurgeriespage" time="35.300"/>
  <testcase classname="testCases.TC_003_healthandwellness" name="test_details" time="39.192"/>
  <testcase classname="testCases.TC_003_healthandwellness" name="test_invaliddetails" time="0.945"/>
  <testcase classname="testCases.TC_003_healthandwellness" name="test_validdetails" time="0.980"/>
  <testcase classname="testCases.TC_003_healthandwellness" name="test_validatethankyou" time="11.623"/>
</testsuite> <!-- testCases.TC_003_healthandwellness -->
