<?xml version="1.0" encoding="UTF-8"?>
<!-- Generated by org.testng.reporters.JUnitReportReporter -->
<testsuite hostname="LTIN230999" failures="0" tests="9" name="testCases.TC_003_healthandwellness" time="267.580" errors="0" timestamp="2024-02-15T11:46:02 IST" skipped="0">
  <testcase classname="testCases.TC_003_healthandwellness" name="test_practohomepage" time="61.436"/>
  <testcase classname="testCases.TC_003_healthandwellness" name="test_doctorspage" time="93.237"/>
  <testcase classname="testCases.TC_003_healthandwellness" name="test_surgeriespage" time="5.286"/>
  <testcase classname="testCases.TC_003_healthandwellness" name="test_popsurgeries" time="9.210"/>
  <testcase classname="testCases.TC_003_healthandwellness" name="test_getsurgeriespage" time="39.114"/>
  <testcase classname="testCases.TC_003_healthandwellness" name="test_details" time="45.715"/>
  <testcase classname="testCases.TC_003_healthandwellness" name="test_invaliddetails" time="1.786"/>
  <testcase classname="testCases.TC_003_healthandwellness" name="test_validdetails" time="1.731"/>
  <testcase classname="testCases.TC_003_healthandwellness" name="test_validatethankyou" time="10.065"/>
</testsuite> <!-- testCases.TC_003_healthandwellness -->
