<?xml version="1.0" encoding="UTF-8"?>
<!-- Generated by org.testng.reporters.JUnitReportReporter -->
<testsuite hostname="LTIN230999" failures="0" tests="1" name="testCases.TC_001_UserInfoTest" time="256.779" errors="0" timestamp="2024-02-05T12:34:52 IST" skipped="0">
  <testcase classname="testCases.TC_001_UserInfoTest" name="test_practohomepage" time="256.779"/>
</testsuite> <!-- testCases.TC_001_UserInfoTest -->
