<?xml version="1.0" encoding="UTF-8"?>
<!-- Generated by org.testng.reporters.JUnitReportReporter -->
<testsuite hostname="LTIN230999" failures="0" tests="9" name="testCases.TC_003_healthandwellness" time="126.423" errors="0" timestamp="2024-02-20T22:23:49 IST" skipped="0">
  <testcase classname="testCases.TC_003_healthandwellness" name="test_practohomepage" time="4.496"/>
  <testcase classname="testCases.TC_003_healthandwellness" name="test_doctorspage" time="29.632"/>
  <testcase classname="testCases.TC_003_healthandwellness" name="test_surgeriespage" time="1.469"/>
  <testcase classname="testCases.TC_003_healthandwellness" name="test_popsurgeries" time="7.235"/>
  <testcase classname="testCases.TC_003_healthandwellness" name="test_getsurgeriespage" time="46.665"/>
  <testcase classname="testCases.TC_003_healthandwellness" name="test_details" time="17.678"/>
  <testcase classname="testCases.TC_003_healthandwellness" name="test_invaliddetails" time="2.203"/>
  <testcase classname="testCases.TC_003_healthandwellness" name="test_validdetails" time="1.904"/>
  <testcase classname="testCases.TC_003_healthandwellness" name="test_validatethankyou" time="15.141"/>
</testsuite> <!-- testCases.TC_003_healthandwellness -->
