<?xml version="1.0" encoding="UTF-8"?>
<!-- Generated by org.testng.reporters.JUnitReportReporter -->
<testsuite hostname="LTIN230999" failures="0" tests="9" name="testCases.TC_003_healthandwellness" time="147.046" errors="0" timestamp="2024-02-11T14:43:28 IST" skipped="0">
  <testcase classname="testCases.TC_003_healthandwellness" name="test_practohomepage" time="4.424"/>
  <testcase classname="testCases.TC_003_healthandwellness" name="test_doctorspage" time="29.484"/>
  <testcase classname="testCases.TC_003_healthandwellness" name="test_surgeriespage" time="1.541"/>
  <testcase classname="testCases.TC_003_healthandwellness" name="test_popsurgeries" time="13.490"/>
  <testcase classname="testCases.TC_003_healthandwellness" name="test_getsurgeriespage" time="75.308"/>
  <testcase classname="testCases.TC_003_healthandwellness" name="test_details" time="9.200"/>
  <testcase classname="testCases.TC_003_healthandwellness" name="test_invaliddetails" time="1.778"/>
  <testcase classname="testCases.TC_003_healthandwellness" name="test_validdetails" time="1.764"/>
  <testcase classname="testCases.TC_003_healthandwellness" name="test_validatethankyou" time="10.057"/>
</testsuite> <!-- testCases.TC_003_healthandwellness -->
